<?xml version="1.0" encoding="UTF-8"?>
<testsuite xmlns:xsi="http://www.w3.org/2001/XMLSchema-instance" xsi:noNamespaceSchemaLocation="https://maven.apache.org/surefire/maven-surefire-plugin/xsd/surefire-test-report.xsd" version="3.0.2" name="timelessodyssey.control.menu.MainMenuControllerTest" time="0.041" tests="1" errors="0" skipped="0" failures="0">
  <properties>
    <property name="java.specification.version" value="21"/>
    <property name="sun.cpu.isalist" value="amd64"/>
    <property name="sun.jnu.encoding" value="Cp1252"/>
    <property name="java.class.path" value="C:\Users\allan\IdeaProjects\time-odyssey\target\test-classes;C:\Users\allan\IdeaProjects\time-odyssey\target\classes;C:\Users\allan\.m2\repository\com\googlecode\lanterna\lanterna\3.1.1\lanterna-3.1.1.jar;C:\Users\allan\.m2\repository\net\jqwik\jqwik\1.9.1\jqwik-1.9.1.jar;C:\Users\allan\.m2\repository\org\apiguardian\apiguardian-api\1.1.2\apiguardian-api-1.1.2.jar;C:\Users\allan\.m2\repository\net\jqwik\jqwik-api\1.9.1\jqwik-api-1.9.1.jar;C:\Users\allan\.m2\repository\net\jqwik\jqwik-web\1.9.1\jqwik-web-1.9.1.jar;C:\Users\allan\.m2\repository\net\jqwik\jqwik-time\1.9.1\jqwik-time-1.9.1.jar;C:\Users\allan\.m2\repository\net\jqwik\jqwik-engine\1.9.1\jqwik-engine-1.9.1.jar;C:\Users\allan\.m2\repository\org\assertj\assertj-core\3.26.3\assertj-core-3.26.3.jar;C:\Users\allan\.m2\repository\net\bytebuddy\byte-buddy\1.14.18\byte-buddy-1.14.18.jar;C:\Users\allan\.m2\repository\org\junit\jupiter\junit-jupiter-api\5.11.2\junit-jupiter-api-5.11.2.jar;C:\Users\allan\.m2\repository\org\opentest4j\opentest4j\1.3.0\opentest4j-1.3.0.jar;C:\Users\allan\.m2\repository\org\junit\platform\junit-platform-commons\1.11.2\junit-platform-commons-1.11.2.jar;C:\Users\allan\.m2\repository\org\junit\jupiter\junit-jupiter-params\5.11.2\junit-jupiter-params-5.11.2.jar;C:\Users\allan\.m2\repository\org\junit\jupiter\junit-jupiter-engine\5.11.2\junit-jupiter-engine-5.11.2.jar;C:\Users\allan\.m2\repository\org\junit\platform\junit-platform-engine\1.11.2\junit-platform-engine-1.11.2.jar;C:\Users\allan\.m2\repository\org\junit\platform\junit-platform-runner\1.11.2\junit-platform-runner-1.11.2.jar;C:\Users\allan\.m2\repository\junit\junit\4.13.2\junit-4.13.2.jar;C:\Users\allan\.m2\repository\org\hamcrest\hamcrest-core\1.3\hamcrest-core-1.3.jar;C:\Users\allan\.m2\repository\org\junit\platform\junit-platform-suite-api\1.11.2\junit-platform-suite-api-1.11.2.jar;C:\Users\allan\.m2\repository\org\junit\platform\junit-platform-suite-commons\1.11.2\junit-platform-suite-commons-1.11.2.jar;C:\Users\allan\.m2\repository\org\junit\platform\junit-platform-launcher\1.11.2\junit-platform-launcher-1.11.2.jar;C:\Users\allan\.m2\repository\org\mockito\mockito-core\5.14.1\mockito-core-5.14.1.jar;C:\Users\allan\.m2\repository\net\bytebuddy\byte-buddy-agent\1.15.3\byte-buddy-agent-1.15.3.jar;C:\Users\allan\.m2\repository\org\objenesis\objenesis\3.3\objenesis-3.3.jar;C:\Users\allan\.m2\repository\org\mockito\mockito-junit-jupiter\5.14.1\mockito-junit-jupiter-5.14.1.jar;C:\Users\allan\.m2\repository\com\google\guava\guava\33.3.1-jre\guava-33.3.1-jre.jar;C:\Users\allan\.m2\repository\com\google\guava\failureaccess\1.0.2\failureaccess-1.0.2.jar;C:\Users\allan\.m2\repository\com\google\guava\listenablefuture\9999.0-empty-to-avoid-conflict-with-guava\listenablefuture-9999.0-empty-to-avoid-conflict-with-guava.jar;C:\Users\allan\.m2\repository\com\google\code\findbugs\jsr305\3.0.2\jsr305-3.0.2.jar;C:\Users\allan\.m2\repository\org\checkerframework\checker-qual\3.43.0\checker-qual-3.43.0.jar;C:\Users\allan\.m2\repository\com\google\errorprone\error_prone_annotations\2.28.0\error_prone_annotations-2.28.0.jar;C:\Users\allan\.m2\repository\com\google\j2objc\j2objc-annotations\3.0.0\j2objc-annotations-3.0.0.jar;C:\Users\allan\.m2\repository\ch\qos\logback\logback-classic\1.2.11\logback-classic-1.2.11.jar;C:\Users\allan\.m2\repository\ch\qos\logback\logback-core\1.2.11\logback-core-1.2.11.jar;C:\Users\allan\.m2\repository\org\slf4j\slf4j-api\1.7.32\slf4j-api-1.7.32.jar;C:\Users\allan\.m2\repository\org\slf4j\slf4j-reload4j\1.7.36\slf4j-reload4j-1.7.36.jar;C:\Users\allan\.m2\repository\ch\qos\reload4j\reload4j\1.2.19\reload4j-1.2.19.jar;"/>
    <property name="java.vm.vendor" value="Amazon.com Inc."/>
    <property name="sun.arch.data.model" value="64"/>
    <property name="user.variant" value=""/>
    <property name="java.vendor.url" value="https://aws.amazon.com/corretto/"/>
    <property name="user.timezone" value="Europe/London"/>
    <property name="os.name" value="Windows 11"/>
    <property name="java.vm.specification.version" value="21"/>
    <property name="sun.java.launcher" value="SUN_STANDARD"/>
    <property name="user.country" value="US"/>
    <property name="sun.boot.library.path" value="C:\Users\allan\.jdks\corretto-21.0.5\bin"/>
    <property name="sun.java.command" value="C:\Users\allan\AppData\Local\Temp\surefire2274365204638901152\surefirebooter-20241227094108274_3.jar C:\Users\allan\AppData\Local\Temp\surefire2274365204638901152 2024-12-27T09-41-08_125-jvmRun1 surefire-20241227094108274_1tmp surefire_0-20241227094108274_2tmp"/>
    <property name="jdk.debug" value="release"/>
    <property name="surefire.test.class.path" value="C:\Users\allan\IdeaProjects\time-odyssey\target\test-classes;C:\Users\allan\IdeaProjects\time-odyssey\target\classes;C:\Users\allan\.m2\repository\com\googlecode\lanterna\lanterna\3.1.1\lanterna-3.1.1.jar;C:\Users\allan\.m2\repository\net\jqwik\jqwik\1.9.1\jqwik-1.9.1.jar;C:\Users\allan\.m2\repository\org\apiguardian\apiguardian-api\1.1.2\apiguardian-api-1.1.2.jar;C:\Users\allan\.m2\repository\net\jqwik\jqwik-api\1.9.1\jqwik-api-1.9.1.jar;C:\Users\allan\.m2\repository\net\jqwik\jqwik-web\1.9.1\jqwik-web-1.9.1.jar;C:\Users\allan\.m2\repository\net\jqwik\jqwik-time\1.9.1\jqwik-time-1.9.1.jar;C:\Users\allan\.m2\repository\net\jqwik\jqwik-engine\1.9.1\jqwik-engine-1.9.1.jar;C:\Users\allan\.m2\repository\org\assertj\assertj-core\3.26.3\assertj-core-3.26.3.jar;C:\Users\allan\.m2\repository\net\bytebuddy\byte-buddy\1.14.18\byte-buddy-1.14.18.jar;C:\Users\allan\.m2\repository\org\junit\jupiter\junit-jupiter-api\5.11.2\junit-jupiter-api-5.11.2.jar;C:\Users\allan\.m2\repository\org\opentest4j\opentest4j\1.3.0\opentest4j-1.3.0.jar;C:\Users\allan\.m2\repository\org\junit\platform\junit-platform-commons\1.11.2\junit-platform-commons-1.11.2.jar;C:\Users\allan\.m2\repository\org\junit\jupiter\junit-jupiter-params\5.11.2\junit-jupiter-params-5.11.2.jar;C:\Users\allan\.m2\repository\org\junit\jupiter\junit-jupiter-engine\5.11.2\junit-jupiter-engine-5.11.2.jar;C:\Users\allan\.m2\repository\org\junit\platform\junit-platform-engine\1.11.2\junit-platform-engine-1.11.2.jar;C:\Users\allan\.m2\repository\org\junit\platform\junit-platform-runner\1.11.2\junit-platform-runner-1.11.2.jar;C:\Users\allan\.m2\repository\junit\junit\4.13.2\junit-4.13.2.jar;C:\Users\allan\.m2\repository\org\hamcrest\hamcrest-core\1.3\hamcrest-core-1.3.jar;C:\Users\allan\.m2\repository\org\junit\platform\junit-platform-suite-api\1.11.2\junit-platform-suite-api-1.11.2.jar;C:\Users\allan\.m2\repository\org\junit\platform\junit-platform-suite-commons\1.11.2\junit-platform-suite-commons-1.11.2.jar;C:\Users\allan\.m2\repository\org\junit\platform\junit-platform-launcher\1.11.2\junit-platform-launcher-1.11.2.jar;C:\Users\allan\.m2\repository\org\mockito\mockito-core\5.14.1\mockito-core-5.14.1.jar;C:\Users\allan\.m2\repository\net\bytebuddy\byte-buddy-agent\1.15.3\byte-buddy-agent-1.15.3.jar;C:\Users\allan\.m2\repository\org\objenesis\objenesis\3.3\objenesis-3.3.jar;C:\Users\allan\.m2\repository\org\mockito\mockito-junit-jupiter\5.14.1\mockito-junit-jupiter-5.14.1.jar;C:\Users\allan\.m2\repository\com\google\guava\guava\33.3.1-jre\guava-33.3.1-jre.jar;C:\Users\allan\.m2\repository\com\google\guava\failureaccess\1.0.2\failureaccess-1.0.2.jar;C:\Users\allan\.m2\repository\com\google\guava\listenablefuture\9999.0-empty-to-avoid-conflict-with-guava\listenablefuture-9999.0-empty-to-avoid-conflict-with-guava.jar;C:\Users\allan\.m2\repository\com\google\code\findbugs\jsr305\3.0.2\jsr305-3.0.2.jar;C:\Users\allan\.m2\repository\org\checkerframework\checker-qual\3.43.0\checker-qual-3.43.0.jar;C:\Users\allan\.m2\repository\com\google\errorprone\error_prone_annotations\2.28.0\error_prone_annotations-2.28.0.jar;C:\Users\allan\.m2\repository\com\google\j2objc\j2objc-annotations\3.0.0\j2objc-annotations-3.0.0.jar;C:\Users\allan\.m2\repository\ch\qos\logback\logback-classic\1.2.11\logback-classic-1.2.11.jar;C:\Users\allan\.m2\repository\ch\qos\logback\logback-core\1.2.11\logback-core-1.2.11.jar;C:\Users\allan\.m2\repository\org\slf4j\slf4j-api\1.7.32\slf4j-api-1.7.32.jar;C:\Users\allan\.m2\repository\org\slf4j\slf4j-reload4j\1.7.36\slf4j-reload4j-1.7.36.jar;C:\Users\allan\.m2\repository\ch\qos\reload4j\reload4j\1.2.19\reload4j-1.2.19.jar;"/>
    <property name="sun.cpu.endian" value="little"/>
    <property name="user.home" value="C:\Users\allan"/>
    <property name="user.language" value="en"/>
    <property name="java.specification.vendor" value="Oracle Corporation"/>
    <property name="java.version.date" value="2024-10-15"/>
    <property name="java.home" value="C:\Users\allan\.jdks\corretto-21.0.5"/>
    <property name="file.separator" value="\"/>
    <property name="basedir" value="C:\Users\allan\IdeaProjects\time-odyssey"/>
    <property name="java.vm.compressedOopsMode" value="Zero based"/>
    <property name="line.separator" value="&#10;"/>
    <property name="java.vm.specification.vendor" value="Oracle Corporation"/>
    <property name="java.specification.name" value="Java Platform API Specification"/>
    <property name="surefire.real.class.path" value="C:\Users\allan\AppData\Local\Temp\surefire2274365204638901152\surefirebooter-20241227094108274_3.jar"/>
    <property name="user.script" value=""/>
    <property name="sun.management.compiler" value="HotSpot 64-Bit Tiered Compilers"/>
    <property name="java.runtime.version" value="21.0.5+11-LTS"/>
    <property name="user.name" value="allan"/>
    <property name="stdout.encoding" value="Cp1252"/>
    <property name="path.separator" value=";"/>
    <property name="os.version" value="10.0"/>
    <property name="java.runtime.name" value="OpenJDK Runtime Environment"/>
    <property name="file.encoding" value="UTF-8"/>
    <property name="java.vm.name" value="OpenJDK 64-Bit Server VM"/>
    <property name="java.vendor.version" value="Corretto-21.0.5.11.1"/>
    <property name="localRepository" value="C:\Users\allan\.m2\repository"/>
    <property name="java.vendor.url.bug" value="https://github.com/corretto/corretto-21/issues/"/>
    <property name="java.io.tmpdir" value="C:\Users\allan\AppData\Local\Temp\"/>
    <property name="java.version" value="21.0.5"/>
    <property name="user.dir" value="C:\Users\allan\IdeaProjects\time-odyssey"/>
    <property name="os.arch" value="amd64"/>
    <property name="java.vm.specification.name" value="Java Virtual Machine Specification"/>
    <property name="sun.os.patch.level" value=""/>
    <property name="native.encoding" value="Cp1252"/>
    <property name="java.library.path" value="C:\Users\allan\.jdks\corretto-21.0.5\bin;C:\WINDOWS\Sun\Java\bin;C:\WINDOWS\system32;C:\WINDOWS;C:\Users\allan\.jdks\corretto-21.0.5\bin;C:\Program Files (x86)\Common Files\Intel\Shared Libraries\redist\intel64\compiler;C:\WINDOWS\system32;C:\WINDOWS;C:\WINDOWS\System32\Wbem;C:\WINDOWS\System32\WindowsPowerShell\v1.0\;C:\WINDOWS\System32\OpenSSH\;C:\Program Files\dotnet\;c:\apache-maven-3.8.6\bin;d:\steamlibrary\steamapps\common\iracing\d3dgear;C:\Program Files\Vagrant\bin;C:\Program Files\Go\bin;C:\Program Files\Portugal Identity Card\;C:\Program Files\Git\cmd;C:\Program Files\PuTTY\;C:\Program Files\nodejs\;C:\Program Files (x86)\AOMEI\AOMEI Backupper\7.3.1;C:\Program Files\Docker\Docker\resources\bin;C:\Users\allan\anaconda3;C:\Users\allan\anaconda3\Library\mingw-w64\bin;C:\Users\allan\anaconda3\Library\usr\bin;C:\Users\allan\anaconda3\Library\bin;C:\Users\allan\anaconda3\Scripts;C:\Users\allan\miniconda3;C:\Users\allan\miniconda3\Library\mingw-w64\bin;C:\Users\allan\miniconda3\Library\usr\bin;C:\Users\allan\miniconda3\Library\bin;C:\Users\allan\miniconda3\Scripts;C:\Users\allan\AppData\Local\Microsoft\WindowsApps;C:\Users\allan\AppData\Local\Programs\Microsoft VS Code\bin;C:\Program Files (x86)\Nmap;C:\Users\allan\.jdks\corretto-21.0.5\lib;C:\Users\allan\AppData\Local\GitHubDesktop\bin;C:\Program Files\JetBrains\IntelliJ IDEA 2022.2.3\bin;C:\Users\allan\AppData\Local\JetBrains\Toolbox\scripts;C:\Users\allan\AppData\Local\Microsoft\WindowsApps;C:\Program Files\JetBrains\IntelliJ IDEA 2021.2.2\bin;;C:\Users\allan\AppData\Roaming\npm;c:\gradle-8.4\bin;C:\Program Files\JetBrains\PyCharm 2023.2.3\bin;;C:\Users\allan\go\bin;C:\Program Files\JetBrains\GoLand 2023.2.3\bin;;C:\Program Files\JetBrains\DataGrip 2024.1.2\bin;;C:\Users\allan\.dotnet\tools;C:\Program Files\Multipass\bin;;."/>
    <property name="java.vm.info" value="mixed mode, sharing"/>
    <property name="stderr.encoding" value="Cp1252"/>
    <property name="java.vendor" value="Amazon.com Inc."/>
    <property name="java.vm.version" value="21.0.5+11-LTS"/>
    <property name="sun.io.unicode.encoding" value="UnicodeLittle"/>
    <property name="java.class.version" value="65.0"/>
  </properties>
  <testcase name="testOnQuit" classname="timelessodyssey.control.menu.MainMenuControllerTest" time="0.04"/>
</testsuite>